Determining if the pthread_create exist failed with the following output:
Change Dir: /home/lighthouse/Desktop/comp362/CapdevilleAdamLab04/matrixMult/build/CMakeFiles/CMakeTmp

Run Build Command:"/usr/bin/make" "cmTC_05f7f/fast"
/usr/bin/make -f CMakeFiles/cmTC_05f7f.dir/build.make CMakeFiles/cmTC_05f7f.dir/build
make[1]: Entering directory '/home/lighthouse/Desktop/comp362/CapdevilleAdamLab04/matrixMult/build/CMakeFiles/CMakeTmp'
Building C object CMakeFiles/cmTC_05f7f.dir/CheckSymbolExists.c.o
/usr/bin/gcc-8   -D_FILE_OFFSET_BITS=64    -std=gnu11 -o CMakeFiles/cmTC_05f7f.dir/CheckSymbolExists.c.o   -c /home/lighthouse/Desktop/comp362/CapdevilleAdamLab04/matrixMult/build/CMakeFiles/CMakeTmp/CheckSymbolExists.c
Linking C executable cmTC_05f7f
/usr/bin/cmake -E cmake_link_script CMakeFiles/cmTC_05f7f.dir/link.txt --verbose=1
/usr/bin/gcc-8  -D_FILE_OFFSET_BITS=64     CMakeFiles/cmTC_05f7f.dir/CheckSymbolExists.c.o  -o cmTC_05f7f 
/usr/bin/ld: CMakeFiles/cmTC_05f7f.dir/CheckSymbolExists.c.o: in function `main':
CheckSymbolExists.c:(.text+0x1b): undefined reference to `pthread_create'
collect2: error: ld returned 1 exit status
make[1]: *** [CMakeFiles/cmTC_05f7f.dir/build.make:87: cmTC_05f7f] Error 1
make[1]: Leaving directory '/home/lighthouse/Desktop/comp362/CapdevilleAdamLab04/matrixMult/build/CMakeFiles/CMakeTmp'
make: *** [Makefile:121: cmTC_05f7f/fast] Error 2

File /home/lighthouse/Desktop/comp362/CapdevilleAdamLab04/matrixMult/build/CMakeFiles/CMakeTmp/CheckSymbolExists.c:
/* */
#include <pthread.h>

int main(int argc, char** argv)
{
  (void)argv;
#ifndef pthread_create
  return ((int*)(&pthread_create))[argc];
#else
  (void)argc;
  return 0;
#endif
}

Determining if the function pthread_create exists in the pthreads failed with the following output:
Change Dir: /home/lighthouse/Desktop/comp362/CapdevilleAdamLab04/matrixMult/build/CMakeFiles/CMakeTmp

Run Build Command:"/usr/bin/make" "cmTC_4efc9/fast"
/usr/bin/make -f CMakeFiles/cmTC_4efc9.dir/build.make CMakeFiles/cmTC_4efc9.dir/build
make[1]: Entering directory '/home/lighthouse/Desktop/comp362/CapdevilleAdamLab04/matrixMult/build/CMakeFiles/CMakeTmp'
Building C object CMakeFiles/cmTC_4efc9.dir/CheckFunctionExists.c.o
/usr/bin/gcc-8   -D_FILE_OFFSET_BITS=64 -DCHECK_FUNCTION_EXISTS=pthread_create   -std=gnu11 -o CMakeFiles/cmTC_4efc9.dir/CheckFunctionExists.c.o   -c /usr/share/cmake-3.12/Modules/CheckFunctionExists.c
Linking C executable cmTC_4efc9
/usr/bin/cmake -E cmake_link_script CMakeFiles/cmTC_4efc9.dir/link.txt --verbose=1
/usr/bin/gcc-8  -D_FILE_OFFSET_BITS=64 -DCHECK_FUNCTION_EXISTS=pthread_create    CMakeFiles/cmTC_4efc9.dir/CheckFunctionExists.c.o  -o cmTC_4efc9 -lpthreads 
/usr/bin/ld: cannot find -lpthreads
collect2: error: ld returned 1 exit status
make[1]: *** [CMakeFiles/cmTC_4efc9.dir/build.make:87: cmTC_4efc9] Error 1
make[1]: Leaving directory '/home/lighthouse/Desktop/comp362/CapdevilleAdamLab04/matrixMult/build/CMakeFiles/CMakeTmp'
make: *** [Makefile:121: cmTC_4efc9/fast] Error 2


